c:\users\beyoval\desktop\server-client\client\client\x64\debug\vc143.pdb
c:\users\beyoval\desktop\server-client\client\client\x64\debug\vc143.idb
c:\users\beyoval\desktop\server-client\client\client\x64\debug\sockethandler.obj
c:\users\beyoval\desktop\server-client\client\client\x64\debug\rsawrapper.obj
c:\users\beyoval\desktop\server-client\client\client\x64\debug\protocol.obj
c:\users\beyoval\desktop\server-client\client\client\x64\debug\main.obj
c:\users\beyoval\desktop\server-client\client\client\x64\debug\clienthandler.obj
c:\users\beyoval\desktop\server-client\client\client\x64\debug\client.obj
c:\users\beyoval\desktop\server-client\client\client\x64\debug\base64wrapper.obj
c:\users\beyoval\desktop\server-client\client\client\x64\debug\aeswrapper.obj
c:\users\beyoval\desktop\server-client\client\client\x64\debug\client.ilk
c:\users\beyoval\desktop\server-client\client\x64\debug\client.pdb
c:\users\beyoval\desktop\server-client\client\x64\debug\client.exe
c:\users\beyoval\desktop\server-client\client\client\x64\debug\client.tlog\cl.command.1.tlog
c:\users\beyoval\desktop\server-client\client\client\x64\debug\client.tlog\cl.items.tlog
c:\users\beyoval\desktop\server-client\client\client\x64\debug\client.tlog\cl.read.1.tlog
c:\users\beyoval\desktop\server-client\client\client\x64\debug\client.tlog\cl.write.1.tlog
c:\users\beyoval\desktop\server-client\client\client\x64\debug\client.tlog\link.command.1.tlog
c:\users\beyoval\desktop\server-client\client\client\x64\debug\client.tlog\link.read.1.tlog
c:\users\beyoval\desktop\server-client\client\client\x64\debug\client.tlog\link.write.1.tlog
